2024-12-17 13:14:49,218 - INFO - [31m[1mWARNING: This is a development server. Do not use it in a production deployment. Use a production WSGI server instead.[0m
 * Running on all addresses (0.0.0.0)
 * Running on http://127.0.0.1:5001
 * Running on http://192.168.0.116:5001
2024-12-17 13:14:49,218 - INFO - [33mPress CTRL+C to quit[0m
2024-12-17 13:14:49,218 - INFO -  * Restarting with stat
2024-12-17 13:14:49,405 - WARNING -  * Debugger is active!
2024-12-17 13:14:49,412 - INFO -  * Debugger PIN: 652-704-741
2024-12-17 13:15:39,397 - INFO - Fetching content from: https://www.donga.com/news/Inter/article/all/20241205/130573997/2
2024-12-17 13:15:39,412 - DEBUG - Starting new HTTPS connection (1): www.donga.com:443
2024-12-17 13:15:39,543 - DEBUG - https://www.donga.com:443 "GET /news/Inter/article/all/20241205/130573997/2 HTTP/11" 200 None
2024-12-17 13:15:39,587 - INFO - Fetched content from https://www.donga.com/news/Inter/article/all/20241205/130573997/2 (Length: 410 characters)
2024-12-17 13:15:39,587 - INFO - Fetching content from: https://www.donga.com/news/Economy/article/all/20241216/130656283/1
2024-12-17 13:15:39,588 - DEBUG - Starting new HTTPS connection (1): www.donga.com:443
2024-12-17 13:15:39,721 - DEBUG - https://www.donga.com:443 "GET /news/Economy/article/all/20241216/130656283/1 HTTP/11" 200 None
2024-12-17 13:15:39,764 - INFO - Fetched content from https://www.donga.com/news/Economy/article/all/20241216/130656283/1 (Length: 319 characters)
2024-12-17 13:15:39,764 - INFO - Processed text - Top words: [('구독', 24), ('주소', 4), ('서울특별시', 4), ('전화번호', 4), ('추천', 2)]
2024-12-17 13:15:39,770 - DEBUG - STREAM b'IHDR' 16 13
2024-12-17 13:15:39,770 - DEBUG - STREAM b'sRGB' 41 1
2024-12-17 13:15:39,770 - DEBUG - STREAM b'IDAT' 54 8192
2024-12-17 13:15:39,966 - INFO - 워드클라우드 이미지 생성 완료
2024-12-17 13:15:39,967 - INFO - 127.0.0.1 - - [17/Dec/2024 13:15:39] "GET /api/wordcloud HTTP/1.1" 200 -
2024-12-17 13:15:40,005 - INFO - 127.0.0.1 - - [17/Dec/2024 13:15:40] "[33mGET /favicon.ico HTTP/1.1[0m" 404 -
2024-12-17 16:22:14,689 - INFO - [31m[1mWARNING: This is a development server. Do not use it in a production deployment. Use a production WSGI server instead.[0m
 * Running on all addresses (0.0.0.0)
 * Running on http://127.0.0.1:5001
 * Running on http://192.168.0.116:5001
2024-12-17 16:22:14,689 - INFO - [33mPress CTRL+C to quit[0m
2024-12-17 16:22:14,690 - INFO -  * Restarting with stat
2024-12-17 16:22:14,874 - WARNING -  * Debugger is active!
2024-12-17 16:22:14,880 - INFO -  * Debugger PIN: 652-704-741
2024-12-17 16:22:42,929 - INFO - [31m[1mWARNING: This is a development server. Do not use it in a production deployment. Use a production WSGI server instead.[0m
 * Running on all addresses (0.0.0.0)
 * Running on http://127.0.0.1:5001
 * Running on http://192.168.0.116:5001
2024-12-17 16:22:42,929 - INFO - [33mPress CTRL+C to quit[0m
2024-12-17 16:22:42,930 - INFO -  * Restarting with stat
2024-12-17 16:22:43,105 - WARNING -  * Debugger is active!
2024-12-17 16:22:43,110 - INFO -  * Debugger PIN: 652-704-741
2024-12-17 16:22:55,890 - INFO - [31m[1mWARNING: This is a development server. Do not use it in a production deployment. Use a production WSGI server instead.[0m
 * Running on all addresses (0.0.0.0)
 * Running on http://127.0.0.1:5001
 * Running on http://192.168.0.116:5001
2024-12-17 16:22:55,890 - INFO - [33mPress CTRL+C to quit[0m
2024-12-17 16:22:55,890 - INFO -  * Restarting with stat
2024-12-17 16:22:56,067 - WARNING -  * Debugger is active!
2024-12-17 16:22:56,072 - INFO -  * Debugger PIN: 652-704-741
2024-12-17 16:22:59,031 - INFO - 127.0.0.1 - - [17/Dec/2024 16:22:59] "[33mGET / HTTP/1.1[0m" 404 -
2024-12-17 16:27:09,377 - INFO -  * Detected change in '/Users/dk_ahn/Documents/ahndongkyu_aicc/Project/project3_bulssuk/word_cloud/wordCloud_tree.py', reloading
2024-12-17 16:27:09,431 - INFO -  * Restarting with stat
2024-12-17 16:27:09,717 - WARNING -  * Debugger is active!
2024-12-17 16:27:09,723 - INFO -  * Debugger PIN: 652-704-741
2024-12-17 16:27:29,447 - INFO - [31m[1mWARNING: This is a development server. Do not use it in a production deployment. Use a production WSGI server instead.[0m
 * Running on all addresses (0.0.0.0)
 * Running on http://127.0.0.1:5001
 * Running on http://192.168.0.116:5001
2024-12-17 16:27:29,447 - INFO - [33mPress CTRL+C to quit[0m
2024-12-17 16:27:29,448 - INFO -  * Restarting with stat
2024-12-17 16:27:29,633 - WARNING -  * Debugger is active!
2024-12-17 16:27:29,639 - INFO -  * Debugger PIN: 652-704-741
2024-12-17 16:28:04,902 - INFO - 127.0.0.1 - - [17/Dec/2024 16:28:04] "GET / HTTP/1.1" 200 -
2024-12-17 16:28:09,952 - INFO - 192.168.0.116 - - [17/Dec/2024 16:28:09] "GET / HTTP/1.1" 200 -
2024-12-17 16:28:09,992 - INFO - 192.168.0.116 - - [17/Dec/2024 16:28:09] "[33mGET /favicon.ico HTTP/1.1[0m" 404 -
2024-12-17 16:28:17,877 - INFO - 127.0.0.1 - - [17/Dec/2024 16:28:17] "GET / HTTP/1.1" 200 -
2024-12-17 16:28:56,657 - INFO - 192.168.0.116 - - [17/Dec/2024 16:28:56] "GET / HTTP/1.1" 200 -
2024-12-17 16:29:13,519 - INFO - Fetching content from: https://www.donga.com/news/Inter/article/all/20241205/130573997/2
2024-12-17 16:29:13,529 - DEBUG - Starting new HTTPS connection (1): www.donga.com:443
2024-12-17 16:29:13,665 - DEBUG - https://www.donga.com:443 "GET /news/Inter/article/all/20241205/130573997/2 HTTP/11" 200 None
2024-12-17 16:29:13,694 - INFO - Fetched content from https://www.donga.com/news/Inter/article/all/20241205/130573997/2 (Length: 410 characters)
2024-12-17 16:29:13,694 - INFO - Fetching content from: https://www.donga.com/news/Economy/article/all/20241216/130656283/1
2024-12-17 16:29:13,695 - DEBUG - Starting new HTTPS connection (1): www.donga.com:443
2024-12-17 16:29:13,793 - DEBUG - https://www.donga.com:443 "GET /news/Economy/article/all/20241216/130656283/1 HTTP/11" 200 None
2024-12-17 16:29:13,812 - INFO - Fetched content from https://www.donga.com/news/Economy/article/all/20241216/130656283/1 (Length: 319 characters)
2024-12-17 16:29:13,813 - INFO - Processed text - Top words: [('구독', 24), ('주소', 4), ('서울특별시', 4), ('전화번호', 4), ('추천', 2)]
2024-12-17 16:29:13,818 - DEBUG - STREAM b'IHDR' 16 13
2024-12-17 16:29:13,818 - DEBUG - STREAM b'sRGB' 41 1
2024-12-17 16:29:13,819 - DEBUG - STREAM b'IDAT' 54 8192
2024-12-17 16:29:13,993 - INFO - 워드클라우드 이미지 생성 완료
2024-12-17 16:29:13,993 - INFO - 127.0.0.1 - - [17/Dec/2024 16:29:13] "GET /api/wordcloud HTTP/1.1" 200 -
2024-12-17 16:30:28,532 - INFO - Fetching content from: https://www.donga.com/news/Inter/article/all/20241205/130573997/2
2024-12-17 16:30:28,535 - DEBUG - Starting new HTTPS connection (1): www.donga.com:443
2024-12-17 16:30:28,670 - DEBUG - https://www.donga.com:443 "GET /news/Inter/article/all/20241205/130573997/2 HTTP/11" 200 None
2024-12-17 16:30:28,707 - INFO - Fetched content from https://www.donga.com/news/Inter/article/all/20241205/130573997/2 (Length: 410 characters)
2024-12-17 16:30:28,708 - INFO - Fetching content from: https://www.donga.com/news/Economy/article/all/20241216/130656283/1
2024-12-17 16:30:28,708 - DEBUG - Starting new HTTPS connection (1): www.donga.com:443
2024-12-17 16:30:28,844 - DEBUG - https://www.donga.com:443 "GET /news/Economy/article/all/20241216/130656283/1 HTTP/11" 200 None
2024-12-17 16:30:28,886 - INFO - Fetched content from https://www.donga.com/news/Economy/article/all/20241216/130656283/1 (Length: 319 characters)
2024-12-17 16:30:28,887 - INFO - Processed text - Top words: [('구독', 24), ('주소', 4), ('서울특별시', 4), ('전화번호', 4), ('추천', 2)]
2024-12-17 16:30:28,888 - DEBUG - STREAM b'IHDR' 16 13
2024-12-17 16:30:28,888 - DEBUG - STREAM b'sRGB' 41 1
2024-12-17 16:30:28,889 - DEBUG - STREAM b'IDAT' 54 8192
2024-12-17 16:30:29,058 - INFO - 워드클라우드 이미지 생성 완료
2024-12-17 16:30:29,058 - INFO - 127.0.0.1 - - [17/Dec/2024 16:30:29] "GET /api/wordcloud HTTP/1.1" 200 -
2024-12-18 11:14:08,809 - INFO - Fetching content from: https://www.donga.com/news/Inter/article/all/20241205/130573997/2
2024-12-18 11:14:08,814 - DEBUG - Starting new HTTPS connection (1): www.donga.com:443
2024-12-18 11:14:08,954 - DEBUG - https://www.donga.com:443 "GET /news/Inter/article/all/20241205/130573997/2 HTTP/11" 200 None
2024-12-18 11:14:08,997 - INFO - Fetched content from https://www.donga.com/news/Inter/article/all/20241205/130573997/2 (Length: 460 characters)
2024-12-18 11:14:08,997 - INFO - Fetching content from: https://www.donga.com/news/Economy/article/all/20241216/130656283/1
2024-12-18 11:14:08,998 - DEBUG - Starting new HTTPS connection (1): www.donga.com:443
2024-12-18 11:14:09,182 - DEBUG - https://www.donga.com:443 "GET /news/Economy/article/all/20241216/130656283/1 HTTP/11" 200 None
2024-12-18 11:14:09,225 - INFO - Fetched content from https://www.donga.com/news/Economy/article/all/20241216/130656283/1 (Length: 369 characters)
2024-12-18 11:14:09,226 - INFO - Processed text - Top words: [('구독', 24), ('주소', 4), ('서울특별시', 4), ('전화번호', 4), ('비선의혹', 2)]
2024-12-18 11:14:09,228 - DEBUG - STREAM b'IHDR' 16 13
2024-12-18 11:14:09,228 - DEBUG - STREAM b'sRGB' 41 1
2024-12-18 11:14:09,228 - DEBUG - STREAM b'IDAT' 54 8192
2024-12-18 11:14:09,412 - INFO - 워드클라우드 이미지 생성 완료
2024-12-18 11:14:09,413 - INFO - 127.0.0.1 - - [18/Dec/2024 11:14:09] "GET /api/wordcloud HTTP/1.1" 200 -
2024-12-18 11:14:18,512 - INFO - [31m[1mWARNING: This is a development server. Do not use it in a production deployment. Use a production WSGI server instead.[0m
 * Running on all addresses (0.0.0.0)
 * Running on http://127.0.0.1:5001
 * Running on http://192.168.0.116:5001
2024-12-18 11:14:18,512 - INFO - [33mPress CTRL+C to quit[0m
2024-12-18 11:14:18,512 - INFO -  * Restarting with stat
2024-12-18 11:14:18,688 - WARNING -  * Debugger is active!
2024-12-18 11:14:18,696 - INFO -  * Debugger PIN: 652-704-741
2024-12-18 11:14:25,772 - INFO - 127.0.0.1 - - [18/Dec/2024 11:14:25] "GET / HTTP/1.1" 200 -
2024-12-18 11:14:38,079 - INFO - Fetching content from: https://www.donga.com/news/Inter/article/all/20241205/130573997/2
2024-12-18 11:14:38,093 - DEBUG - Starting new HTTPS connection (1): www.donga.com:443
2024-12-18 11:14:38,245 - DEBUG - https://www.donga.com:443 "GET /news/Inter/article/all/20241205/130573997/2 HTTP/11" 200 None
2024-12-18 11:14:38,294 - INFO - Fetched content from https://www.donga.com/news/Inter/article/all/20241205/130573997/2 (Length: 460 characters)
2024-12-18 11:14:38,294 - INFO - Fetching content from: https://www.donga.com/news/Economy/article/all/20241216/130656283/1
2024-12-18 11:14:38,295 - DEBUG - Starting new HTTPS connection (1): www.donga.com:443
2024-12-18 11:14:38,441 - DEBUG - https://www.donga.com:443 "GET /news/Economy/article/all/20241216/130656283/1 HTTP/11" 200 None
2024-12-18 11:14:38,487 - INFO - Fetched content from https://www.donga.com/news/Economy/article/all/20241216/130656283/1 (Length: 369 characters)
2024-12-18 11:14:38,488 - INFO - Processed text - Top words: [('구독', 24), ('주소', 4), ('서울특별시', 4), ('전화번호', 4), ('비선의혹', 2)]
2024-12-18 11:14:38,494 - DEBUG - STREAM b'IHDR' 16 13
2024-12-18 11:14:38,494 - DEBUG - STREAM b'sRGB' 41 1
2024-12-18 11:14:38,494 - DEBUG - STREAM b'IDAT' 54 8192
2024-12-18 11:14:38,672 - INFO - 워드클라우드 이미지 생성 완료
2024-12-18 11:14:38,672 - INFO - 127.0.0.1 - - [18/Dec/2024 11:14:38] "GET /api/wordcloud HTTP/1.1" 200 -
2024-12-18 12:48:44,354 - INFO - Fetching content from: https://www.donga.com/news/Inter/article/all/20241205/130573997/2
2024-12-18 12:48:44,358 - DEBUG - Starting new HTTPS connection (1): www.donga.com:443
2024-12-18 12:48:44,522 - DEBUG - https://www.donga.com:443 "GET /news/Inter/article/all/20241205/130573997/2 HTTP/11" 200 None
2024-12-18 12:48:44,559 - INFO - Fetched content from https://www.donga.com/news/Inter/article/all/20241205/130573997/2 (Length: 444 characters)
2024-12-18 12:48:44,560 - INFO - Fetching content from: https://www.donga.com/news/Economy/article/all/20241216/130656283/1
2024-12-18 12:48:44,560 - DEBUG - Starting new HTTPS connection (1): www.donga.com:443
2024-12-18 12:48:44,686 - DEBUG - https://www.donga.com:443 "GET /news/Economy/article/all/20241216/130656283/1 HTTP/11" 200 None
2024-12-18 12:48:44,724 - INFO - Fetched content from https://www.donga.com/news/Economy/article/all/20241216/130656283/1 (Length: 353 characters)
2024-12-18 12:48:44,725 - INFO - Processed text - Top words: [('구독', 24), ('주소', 4), ('서울특별시', 4), ('전화번호', 4), ('유독', 2)]
2024-12-18 12:48:44,727 - DEBUG - STREAM b'IHDR' 16 13
2024-12-18 12:48:44,727 - DEBUG - STREAM b'sRGB' 41 1
2024-12-18 12:48:44,727 - DEBUG - STREAM b'IDAT' 54 8192
2024-12-18 12:48:44,917 - INFO - 워드클라우드 이미지 생성 완료
2024-12-18 12:48:44,917 - INFO - 127.0.0.1 - - [18/Dec/2024 12:48:44] "GET /api/wordcloud HTTP/1.1" 200 -
2024-12-18 13:10:04,212 - INFO - Fetching content from: https://www.donga.com/news/Inter/article/all/20241205/130573997/2
2024-12-18 13:10:04,216 - DEBUG - Starting new HTTPS connection (1): www.donga.com:443
2024-12-18 13:10:04,374 - DEBUG - https://www.donga.com:443 "GET /news/Inter/article/all/20241205/130573997/2 HTTP/11" 200 None
2024-12-18 13:10:04,426 - INFO - Fetched content from https://www.donga.com/news/Inter/article/all/20241205/130573997/2 (Length: 410 characters)
2024-12-18 13:10:04,426 - INFO - Fetching content from: https://www.donga.com/news/Economy/article/all/20241216/130656283/1
2024-12-18 13:10:04,427 - DEBUG - Starting new HTTPS connection (1): www.donga.com:443
2024-12-18 13:10:04,554 - DEBUG - https://www.donga.com:443 "GET /news/Economy/article/all/20241216/130656283/1 HTTP/11" 200 None
2024-12-18 13:10:04,591 - INFO - Fetched content from https://www.donga.com/news/Economy/article/all/20241216/130656283/1 (Length: 319 characters)
2024-12-18 13:10:04,592 - INFO - Processed text - Top words: [('구독', 24), ('주소', 4), ('서울특별시', 4), ('전화번호', 4), ('추천', 2)]
2024-12-18 13:10:04,594 - DEBUG - STREAM b'IHDR' 16 13
2024-12-18 13:10:04,594 - DEBUG - STREAM b'sRGB' 41 1
2024-12-18 13:10:04,594 - DEBUG - STREAM b'IDAT' 54 8192
2024-12-18 13:10:04,798 - INFO - 워드클라우드 이미지 생성 완료
2024-12-18 13:10:04,800 - INFO - 192.168.0.116 - - [18/Dec/2024 13:10:04] "GET /api/wordcloud HTTP/1.1" 200 -
2024-12-18 13:10:04,834 - INFO - Fetching content from: https://www.donga.com/news/Inter/article/all/20241205/130573997/2
2024-12-18 13:10:04,834 - DEBUG - Starting new HTTPS connection (1): www.donga.com:443
2024-12-18 13:10:04,966 - DEBUG - https://www.donga.com:443 "GET /news/Inter/article/all/20241205/130573997/2 HTTP/11" 200 None
2024-12-18 13:10:04,993 - INFO - Fetched content from https://www.donga.com/news/Inter/article/all/20241205/130573997/2 (Length: 410 characters)
2024-12-18 13:10:04,993 - INFO - Fetching content from: https://www.donga.com/news/Economy/article/all/20241216/130656283/1
2024-12-18 13:10:04,994 - DEBUG - Starting new HTTPS connection (1): www.donga.com:443
2024-12-18 13:10:05,127 - DEBUG - https://www.donga.com:443 "GET /news/Economy/article/all/20241216/130656283/1 HTTP/11" 200 None
2024-12-18 13:10:05,171 - INFO - Fetched content from https://www.donga.com/news/Economy/article/all/20241216/130656283/1 (Length: 319 characters)
2024-12-18 13:10:05,171 - INFO - Processed text - Top words: [('구독', 24), ('주소', 4), ('서울특별시', 4), ('전화번호', 4), ('추천', 2)]
2024-12-18 13:10:05,172 - DEBUG - STREAM b'IHDR' 16 13
2024-12-18 13:10:05,172 - DEBUG - STREAM b'sRGB' 41 1
2024-12-18 13:10:05,172 - DEBUG - STREAM b'IDAT' 54 8192
2024-12-18 13:10:05,343 - INFO - 워드클라우드 이미지 생성 완료
2024-12-18 13:10:05,343 - INFO - 192.168.0.116 - - [18/Dec/2024 13:10:05] "GET /api/wordcloud HTTP/1.1" 200 -
2024-12-18 14:31:24,695 - INFO - Fetching content from: https://www.donga.com/news/Inter/article/all/20241205/130573997/2
2024-12-18 14:31:24,700 - DEBUG - Starting new HTTPS connection (1): www.donga.com:443
2024-12-18 14:31:24,840 - DEBUG - https://www.donga.com:443 "GET /news/Inter/article/all/20241205/130573997/2 HTTP/11" 200 None
2024-12-18 14:31:24,863 - INFO - Fetched content from https://www.donga.com/news/Inter/article/all/20241205/130573997/2 (Length: 454 characters)
2024-12-18 14:31:24,863 - INFO - Fetching content from: https://www.donga.com/news/Economy/article/all/20241216/130656283/1
2024-12-18 14:31:24,864 - DEBUG - Starting new HTTPS connection (1): www.donga.com:443
2024-12-18 14:31:24,996 - DEBUG - https://www.donga.com:443 "GET /news/Economy/article/all/20241216/130656283/1 HTTP/11" 200 None
2024-12-18 14:31:25,030 - INFO - Fetched content from https://www.donga.com/news/Economy/article/all/20241216/130656283/1 (Length: 363 characters)
2024-12-18 14:31:25,031 - INFO - Processed text - Top words: [('구독', 24), ('주소', 4), ('서울특별시', 4), ('전화번호', 4), ('경찰', 2)]
2024-12-18 14:31:25,032 - DEBUG - STREAM b'IHDR' 16 13
2024-12-18 14:31:25,033 - DEBUG - STREAM b'sRGB' 41 1
2024-12-18 14:31:25,033 - DEBUG - STREAM b'IDAT' 54 8192
2024-12-18 14:31:25,241 - INFO - 워드클라우드 이미지 생성 완료
2024-12-18 14:31:25,241 - INFO - 192.168.0.116 - - [18/Dec/2024 14:31:25] "GET /api/wordcloud HTTP/1.1" 200 -
2024-12-18 14:31:25,275 - INFO - Fetching content from: https://www.donga.com/news/Inter/article/all/20241205/130573997/2
2024-12-18 14:31:25,275 - DEBUG - Starting new HTTPS connection (1): www.donga.com:443
2024-12-18 14:31:25,415 - DEBUG - https://www.donga.com:443 "GET /news/Inter/article/all/20241205/130573997/2 HTTP/11" 200 None
2024-12-18 14:31:25,452 - INFO - Fetched content from https://www.donga.com/news/Inter/article/all/20241205/130573997/2 (Length: 454 characters)
2024-12-18 14:31:25,452 - INFO - Fetching content from: https://www.donga.com/news/Economy/article/all/20241216/130656283/1
2024-12-18 14:31:25,453 - DEBUG - Starting new HTTPS connection (1): www.donga.com:443
2024-12-18 14:31:25,582 - DEBUG - https://www.donga.com:443 "GET /news/Economy/article/all/20241216/130656283/1 HTTP/11" 200 None
2024-12-18 14:31:25,624 - INFO - Fetched content from https://www.donga.com/news/Economy/article/all/20241216/130656283/1 (Length: 363 characters)
2024-12-18 14:31:25,624 - INFO - Processed text - Top words: [('구독', 24), ('주소', 4), ('서울특별시', 4), ('전화번호', 4), ('경찰', 2)]
2024-12-18 14:31:25,625 - DEBUG - STREAM b'IHDR' 16 13
2024-12-18 14:31:25,625 - DEBUG - STREAM b'sRGB' 41 1
2024-12-18 14:31:25,625 - DEBUG - STREAM b'IDAT' 54 8192
2024-12-18 14:31:25,806 - INFO - 워드클라우드 이미지 생성 완료
2024-12-18 14:31:25,806 - INFO - 192.168.0.116 - - [18/Dec/2024 14:31:25] "GET /api/wordcloud HTTP/1.1" 200 -
2024-12-18 14:37:32,433 - INFO - Fetching content from: https://www.donga.com/news/Inter/article/all/20241205/130573997/2
2024-12-18 14:37:32,438 - DEBUG - Starting new HTTPS connection (1): www.donga.com:443
2024-12-18 14:37:32,542 - DEBUG - https://www.donga.com:443 "GET /news/Inter/article/all/20241205/130573997/2 HTTP/11" 200 None
2024-12-18 14:37:32,602 - INFO - Fetched content from https://www.donga.com/news/Inter/article/all/20241205/130573997/2 (Length: 410 characters)
2024-12-18 14:37:32,603 - INFO - Fetching content from: https://www.donga.com/news/Economy/article/all/20241216/130656283/1
2024-12-18 14:37:32,603 - DEBUG - Starting new HTTPS connection (1): www.donga.com:443
2024-12-18 14:37:32,700 - DEBUG - https://www.donga.com:443 "GET /news/Economy/article/all/20241216/130656283/1 HTTP/11" 200 None
2024-12-18 14:37:32,727 - INFO - Fetched content from https://www.donga.com/news/Economy/article/all/20241216/130656283/1 (Length: 319 characters)
2024-12-18 14:37:32,727 - INFO - Processed text - Top words: [('구독', 24), ('주소', 4), ('서울특별시', 4), ('전화번호', 4), ('추천', 2)]
2024-12-18 14:37:32,729 - DEBUG - STREAM b'IHDR' 16 13
2024-12-18 14:37:32,729 - DEBUG - STREAM b'sRGB' 41 1
2024-12-18 14:37:32,729 - DEBUG - STREAM b'IDAT' 54 8192
2024-12-18 14:37:32,911 - INFO - 워드클라우드 이미지 생성 완료
2024-12-18 14:37:32,912 - INFO - 192.168.0.116 - - [18/Dec/2024 14:37:32] "GET /api/wordcloud HTTP/1.1" 200 -
2024-12-18 14:37:32,944 - INFO - Fetching content from: https://www.donga.com/news/Inter/article/all/20241205/130573997/2
2024-12-18 14:37:32,945 - DEBUG - Starting new HTTPS connection (1): www.donga.com:443
2024-12-18 14:37:33,081 - DEBUG - https://www.donga.com:443 "GET /news/Inter/article/all/20241205/130573997/2 HTTP/11" 200 None
2024-12-18 14:37:33,118 - INFO - Fetched content from https://www.donga.com/news/Inter/article/all/20241205/130573997/2 (Length: 410 characters)
2024-12-18 14:37:33,118 - INFO - Fetching content from: https://www.donga.com/news/Economy/article/all/20241216/130656283/1
2024-12-18 14:37:33,119 - DEBUG - Starting new HTTPS connection (1): www.donga.com:443
2024-12-18 14:37:33,258 - DEBUG - https://www.donga.com:443 "GET /news/Economy/article/all/20241216/130656283/1 HTTP/11" 200 None
2024-12-18 14:37:33,305 - INFO - Fetched content from https://www.donga.com/news/Economy/article/all/20241216/130656283/1 (Length: 319 characters)
2024-12-18 14:37:33,305 - INFO - Processed text - Top words: [('구독', 24), ('주소', 4), ('서울특별시', 4), ('전화번호', 4), ('추천', 2)]
2024-12-18 14:37:33,305 - DEBUG - STREAM b'IHDR' 16 13
2024-12-18 14:37:33,305 - DEBUG - STREAM b'sRGB' 41 1
2024-12-18 14:37:33,305 - DEBUG - STREAM b'IDAT' 54 8192
2024-12-18 14:37:33,466 - INFO - 워드클라우드 이미지 생성 완료
2024-12-18 14:37:33,466 - INFO - 192.168.0.116 - - [18/Dec/2024 14:37:33] "GET /api/wordcloud HTTP/1.1" 200 -
2024-12-18 14:53:16,413 - INFO - Fetching content from: https://www.donga.com/news/Inter/article/all/20241205/130573997/2
2024-12-18 14:53:16,416 - DEBUG - Starting new HTTPS connection (1): www.donga.com:443
2024-12-18 14:53:16,556 - DEBUG - https://www.donga.com:443 "GET /news/Inter/article/all/20241205/130573997/2 HTTP/11" 200 None
2024-12-18 14:53:16,584 - INFO - Fetched content from https://www.donga.com/news/Inter/article/all/20241205/130573997/2 (Length: 410 characters)
2024-12-18 14:53:16,584 - INFO - Fetching content from: https://www.donga.com/news/Economy/article/all/20241216/130656283/1
2024-12-18 14:53:16,585 - DEBUG - Starting new HTTPS connection (1): www.donga.com:443
2024-12-18 14:53:16,718 - DEBUG - https://www.donga.com:443 "GET /news/Economy/article/all/20241216/130656283/1 HTTP/11" 200 None
2024-12-18 14:53:16,769 - INFO - Fetched content from https://www.donga.com/news/Economy/article/all/20241216/130656283/1 (Length: 319 characters)
2024-12-18 14:53:16,770 - INFO - Processed text - Top words: [('구독', 24), ('주소', 4), ('서울특별시', 4), ('전화번호', 4), ('추천', 2)]
2024-12-18 14:53:16,772 - DEBUG - STREAM b'IHDR' 16 13
2024-12-18 14:53:16,772 - DEBUG - STREAM b'sRGB' 41 1
2024-12-18 14:53:16,772 - DEBUG - STREAM b'IDAT' 54 8192
2024-12-18 14:53:16,964 - INFO - 워드클라우드 이미지 생성 완료
2024-12-18 14:53:16,965 - INFO - 192.168.0.116 - - [18/Dec/2024 14:53:16] "GET /api/wordcloud HTTP/1.1" 200 -
2024-12-18 14:53:17,010 - INFO - Fetching content from: https://www.donga.com/news/Inter/article/all/20241205/130573997/2
2024-12-18 14:53:17,010 - DEBUG - Starting new HTTPS connection (1): www.donga.com:443
2024-12-18 14:53:17,156 - DEBUG - https://www.donga.com:443 "GET /news/Inter/article/all/20241205/130573997/2 HTTP/11" 200 None
2024-12-18 14:53:17,194 - INFO - Fetched content from https://www.donga.com/news/Inter/article/all/20241205/130573997/2 (Length: 410 characters)
2024-12-18 14:53:17,194 - INFO - Fetching content from: https://www.donga.com/news/Economy/article/all/20241216/130656283/1
2024-12-18 14:53:17,195 - DEBUG - Starting new HTTPS connection (1): www.donga.com:443
2024-12-18 14:53:17,300 - DEBUG - https://www.donga.com:443 "GET /news/Economy/article/all/20241216/130656283/1 HTTP/11" 200 None
2024-12-18 14:53:17,339 - INFO - Fetched content from https://www.donga.com/news/Economy/article/all/20241216/130656283/1 (Length: 319 characters)
2024-12-18 14:53:17,339 - INFO - Processed text - Top words: [('구독', 24), ('주소', 4), ('서울특별시', 4), ('전화번호', 4), ('추천', 2)]
2024-12-18 14:53:17,339 - DEBUG - STREAM b'IHDR' 16 13
2024-12-18 14:53:17,339 - DEBUG - STREAM b'sRGB' 41 1
2024-12-18 14:53:17,339 - DEBUG - STREAM b'IDAT' 54 8192
2024-12-18 14:53:17,505 - INFO - 워드클라우드 이미지 생성 완료
2024-12-18 14:53:17,505 - INFO - 192.168.0.116 - - [18/Dec/2024 14:53:17] "GET /api/wordcloud HTTP/1.1" 200 -
2024-12-18 15:57:59,308 - INFO - 127.0.0.1 - - [18/Dec/2024 15:57:59] "GET / HTTP/1.1" 200 -
2024-12-18 19:06:58,237 - INFO - [31m[1mWARNING: This is a development server. Do not use it in a production deployment. Use a production WSGI server instead.[0m
 * Running on all addresses (0.0.0.0)
 * Running on http://127.0.0.1:5001
 * Running on http://192.168.0.116:5001
2024-12-18 19:06:58,237 - INFO - [33mPress CTRL+C to quit[0m
2024-12-18 19:06:58,238 - INFO -  * Restarting with stat
2024-12-18 19:06:58,441 - WARNING -  * Debugger is active!
2024-12-18 19:06:58,452 - INFO -  * Debugger PIN: 652-704-741
2024-12-18 19:07:37,781 - INFO - 127.0.0.1 - - [18/Dec/2024 19:07:37] "GET / HTTP/1.1" 200 -
2024-12-18 19:07:44,560 - INFO - 127.0.0.1 - - [18/Dec/2024 19:07:44] "[31m[1mGET /api/wordcloud HTTP/1.1[0m" 400 -
2024-12-18 19:09:09,111 - INFO -  * Detected change in '/Users/dk_ahn/Documents/ahndongkyu_aicc/Project/project3_bulssuk/word_cloud/wordCloud_tree.py', reloading
2024-12-18 19:09:09,165 - INFO -  * Restarting with stat
2024-12-18 19:09:09,458 - WARNING -  * Debugger is active!
2024-12-18 19:09:09,464 - INFO -  * Debugger PIN: 652-704-741
2024-12-18 19:09:14,643 - INFO - [31m[1mWARNING: This is a development server. Do not use it in a production deployment. Use a production WSGI server instead.[0m
 * Running on all addresses (0.0.0.0)
 * Running on http://127.0.0.1:5001
 * Running on http://192.168.0.116:5001
2024-12-18 19:09:14,643 - INFO - [33mPress CTRL+C to quit[0m
2024-12-18 19:09:14,643 - INFO -  * Restarting with stat
2024-12-18 19:09:14,820 - WARNING -  * Debugger is active!
2024-12-18 19:09:14,825 - INFO -  * Debugger PIN: 652-704-741
2024-12-18 19:09:18,945 - INFO - 127.0.0.1 - - [18/Dec/2024 19:09:18] "GET / HTTP/1.1" 200 -
2024-12-18 19:09:25,433 - INFO - 네이버 뉴스 API를 사용하여 '분리수거' 키워드를 검색합니다.
2024-12-18 19:09:25,445 - DEBUG - Starting new HTTPS connection (1): openapi.naver.com:443
2024-12-18 19:09:25,539 - DEBUG - https://openapi.naver.com:443 "GET /v1/search/news.json?query=%EB%B6%84%EB%A6%AC%EC%88%98%EA%B1%B0&display=5&sort=date HTTP/11" 200 1223
2024-12-18 19:09:25,540 - INFO - 네이버 뉴스 API에서 데이터를 성공적으로 가져왔습니다.
2024-12-18 19:09:25,550 - DEBUG - STREAM b'IHDR' 16 13
2024-12-18 19:09:25,551 - DEBUG - STREAM b'sRGB' 41 1
2024-12-18 19:09:25,551 - DEBUG - STREAM b'IDAT' 54 8192
2024-12-18 19:09:25,798 - INFO - 워드클라우드 이미지 생성 완료
2024-12-18 19:09:25,798 - INFO - 127.0.0.1 - - [18/Dec/2024 19:09:25] "GET /api/wordcloud HTTP/1.1" 200 -
2024-12-18 19:09:44,814 - INFO - [31m[1mWARNING: This is a development server. Do not use it in a production deployment. Use a production WSGI server instead.[0m
 * Running on all addresses (0.0.0.0)
 * Running on http://127.0.0.1:5001
 * Running on http://192.168.0.116:5001
2024-12-18 19:09:44,814 - INFO - [33mPress CTRL+C to quit[0m
2024-12-18 19:09:44,814 - INFO -  * Restarting with stat
2024-12-18 19:09:44,997 - WARNING -  * Debugger is active!
2024-12-18 19:09:45,002 - INFO -  * Debugger PIN: 652-704-741
2024-12-18 19:09:47,456 - INFO - 127.0.0.1 - - [18/Dec/2024 19:09:47] "GET / HTTP/1.1" 200 -
2024-12-18 19:09:49,834 - INFO - 네이버 뉴스 API를 사용하여 '분리수거' 키워드를 검색합니다.
2024-12-18 19:09:49,842 - DEBUG - Starting new HTTPS connection (1): openapi.naver.com:443
2024-12-18 19:09:49,946 - DEBUG - https://openapi.naver.com:443 "GET /v1/search/news.json?query=%EB%B6%84%EB%A6%AC%EC%88%98%EA%B1%B0&display=5&sort=date HTTP/11" 200 1223
2024-12-18 19:09:49,947 - INFO - 네이버 뉴스 API에서 데이터를 성공적으로 가져왔습니다.
2024-12-18 19:09:49,958 - DEBUG - STREAM b'IHDR' 16 13
2024-12-18 19:09:49,958 - DEBUG - STREAM b'sRGB' 41 1
2024-12-18 19:09:49,958 - DEBUG - STREAM b'IDAT' 54 8192
2024-12-18 19:09:50,213 - INFO - 워드클라우드 이미지 생성 완료
2024-12-18 19:09:50,213 - INFO - 127.0.0.1 - - [18/Dec/2024 19:09:50] "GET /api/wordcloud HTTP/1.1" 200 -
